2025-06-23 20:38:56,454 - __main__ - INFO - Checking requirements...
2025-06-23 20:39:01,898 - __main__ - INFO - Checking network access...
2025-06-23 20:39:03,193 - __main__ - INFO - Setting up data directory...
2025-06-23 20:39:05,882 - __main__ - INFO - Creating new task log file
2025-06-23 20:39:07,786 - __main__ - INFO - Creating new team data file
2025-06-23 20:39:11,597 - __main__ - INFO - Starting application...
2025-06-23 20:39:16,613 - __main__ - ERROR - Failed to run application: cannot import name 'ApprovalPanel' from 'ui.components.widgets' (H:\Compliance\ComplianceSystem\ui\components\widgets.py)
2025-06-23 20:39:16,653 - __main__ - ERROR - Startup error: cannot import name 'ApprovalPanel' from 'ui.components.widgets' (H:\Compliance\ComplianceSystem\ui\components\widgets.py)
2025-06-23 20:46:33,099 - __main__ - INFO - Checking requirements...
2025-06-23 20:46:35,204 - __main__ - INFO - Checking network access...
2025-06-23 20:46:36,681 - __main__ - INFO - Setting up data directory...
2025-06-23 20:46:37,904 - __main__ - INFO - Starting application...
2025-06-23 20:46:47,932 - __main__ - ERROR - Failed to run application: No module named 'fcntl'
2025-06-23 20:46:48,062 - __main__ - ERROR - Startup error: No module named 'fcntl'
2025-06-23 20:50:07,987 - __main__ - INFO - Checking requirements...
2025-06-23 20:50:09,867 - __main__ - INFO - Checking network access...
2025-06-23 20:50:10,868 - __main__ - INFO - Setting up data directory...
2025-06-23 20:50:12,164 - __main__ - INFO - Starting application...
2025-06-23 20:50:28,292 - __main__ - ERROR - Failed to run application: module 'openpyxl.worksheet' has no attribute 'Worksheet'
2025-06-23 20:50:28,304 - __main__ - ERROR - Startup error: module 'openpyxl.worksheet' has no attribute 'Worksheet'
2025-06-25 09:35:59,720 - __main__ - INFO - Checking requirements...
2025-06-25 09:36:02,271 - __main__ - INFO - Checking network access...
2025-06-25 09:36:02,643 - __main__ - INFO - Setting up data directory...
2025-06-25 09:36:03,107 - __main__ - INFO - Starting application...
2025-06-25 09:36:07,622 - __main__ - INFO - Starting Compliance Management System
2025-06-25 09:36:08,429 - business.compliance_manager - INFO - Building initial search index...
2025-06-25 09:36:08,435 - data.indexing - INFO - Rebuilding search index for: all types
2025-06-25 09:36:08,692 - data.data_manager - ERROR - Error loading tasks: 'dict' object has no attribute 'columns'
2025-06-25 09:36:08,698 - data.indexing - INFO - Indexed 0 tasks
2025-06-25 09:36:08,823 - data.data_manager - ERROR - Error loading team members: 'dict' object has no attribute 'columns'
2025-06-25 09:36:08,823 - data.indexing - INFO - Indexed 0 team members
2025-06-25 09:36:08,841 - business.compliance_manager - ERROR - Error initialising system: 'DataManager' object has no attribute 'load_legislation_references'
2025-06-25 09:36:08,851 - services.notification_service - INFO - Notification worker started
2025-06-25 09:36:08,854 - __main__ - ERROR - Failed to run application: 'ComplianceApp' object has no attribute 'on_closing'
2025-06-25 09:36:08,860 - __main__ - ERROR - Startup error: 'ComplianceApp' object has no attribute 'on_closing'
2025-06-25 10:43:17,125 - __main__ - INFO - Checking requirements...
2025-06-25 10:43:19,776 - __main__ - INFO - Checking network access...
2025-06-25 10:43:20,112 - __main__ - INFO - Setting up data directory...
2025-06-25 10:43:20,291 - __main__ - INFO - Starting application...
2025-06-25 10:43:23,342 - __main__ - INFO - Starting Compliance Management System
2025-06-25 10:43:23,835 - business.compliance_manager - INFO - Building initial search index...
2025-06-25 10:43:23,841 - data.indexing - INFO - Rebuilding search index for: all types
2025-06-25 10:43:24,088 - data.data_manager - ERROR - Error loading tasks: 'dict' object has no attribute 'columns'
2025-06-25 10:43:24,088 - data.indexing - INFO - Indexed 0 tasks
2025-06-25 10:43:24,183 - data.data_manager - ERROR - Error loading team members: 'dict' object has no attribute 'columns'
2025-06-25 10:43:24,199 - data.indexing - INFO - Indexed 0 team members
2025-06-25 10:43:24,215 - business.compliance_manager - ERROR - Error initialising system: 'DataManager' object has no attribute 'load_legislation_references'
2025-06-25 10:43:24,231 - services.notification_service - INFO - Notification worker started
2025-06-25 10:43:24,236 - __main__ - ERROR - Failed to run application: 'ComplianceApp' object has no attribute 'on_closing'
2025-06-25 10:43:24,236 - __main__ - ERROR - Startup error: 'ComplianceApp' object has no attribute 'on_closing'
2025-06-25 11:48:22,170 - __main__ - INFO - Checking requirements...
2025-06-25 11:48:23,785 - __main__ - INFO - Checking network access...
2025-06-25 11:48:23,977 - __main__ - INFO - Setting up data directory...
2025-06-25 11:48:24,138 - __main__ - INFO - Starting application...
2025-06-25 11:48:26,420 - __main__ - INFO - Starting Compliance Management System
2025-06-25 11:48:26,917 - business.compliance_manager - INFO - Building initial search index...
2025-06-25 11:48:26,917 - data.indexing - INFO - Rebuilding search index for: all types
2025-06-25 11:48:27,118 - data.data_manager - ERROR - Error loading tasks: 'dict' object has no attribute 'columns'
2025-06-25 11:48:27,120 - data.indexing - INFO - Indexed 0 tasks
2025-06-25 11:48:27,171 - data.data_manager - ERROR - Error loading team members: 'dict' object has no attribute 'columns'
2025-06-25 11:48:27,171 - data.indexing - INFO - Indexed 0 team members
2025-06-25 11:48:27,187 - data.data_manager - WARNING - Excel file not found: H:\Compliance\ComplianceSystem\Legislation_References.xlsx
2025-06-25 11:48:27,187 - data.data_manager - INFO - Loaded 0 legislation references
2025-06-25 11:48:27,187 - data.indexing - INFO - Indexed 0 legislation references
2025-06-25 11:48:27,187 - services.notification_service - INFO - Notification worker started
2025-06-25 11:48:28,493 - __main__ - ERROR - Failed to run application: type object 'UIStyles' has no attribute 'FONTS'
2025-06-25 11:48:28,510 - __main__ - ERROR - Startup error: type object 'UIStyles' has no attribute 'FONTS'
2025-06-25 11:58:09,511 - __main__ - INFO - Checking requirements...
2025-06-25 11:58:11,237 - __main__ - INFO - Checking network access...
2025-06-25 11:58:11,401 - __main__ - INFO - Setting up data directory...
2025-06-25 11:58:11,682 - __main__ - INFO - Starting application...
2025-06-25 11:58:15,026 - __main__ - INFO - Starting Compliance Management System
2025-06-25 11:58:15,342 - business.compliance_manager - INFO - Building initial search index...
2025-06-25 11:58:15,342 - data.indexing - INFO - Rebuilding search index for: all types
2025-06-25 11:58:15,539 - data.data_manager - WARNING - Excel file Task_Log.xlsx did not return a DataFrame
2025-06-25 11:58:15,545 - data.data_manager - INFO - No tasks found or invalid data structure
2025-06-25 11:58:15,549 - data.indexing - INFO - Indexed 0 tasks
2025-06-25 11:58:15,650 - data.data_manager - WARNING - Excel file Team_Data.xlsx did not return a DataFrame
2025-06-25 11:58:15,659 - data.data_manager - INFO - No team members found or invalid data structure
2025-06-25 11:58:15,661 - data.indexing - INFO - Indexed 0 team members
2025-06-25 11:58:15,661 - data.data_manager - WARNING - Excel file not found: H:\Compliance\ComplianceSystem\Legislation_References.xlsx
2025-06-25 11:58:15,661 - data.data_manager - INFO - Loaded 0 legislation references
2025-06-25 11:58:15,677 - data.indexing - INFO - Indexed 0 legislation references
2025-06-25 11:58:15,678 - services.notification_service - INFO - Notification worker started
2025-06-25 11:58:17,371 - __main__ - ERROR - Failed to run application: 'TeamManager' object has no attribute 'get_active_team_members'
2025-06-25 11:58:17,371 - __main__ - ERROR - Startup error: 'TeamManager' object has no attribute 'get_active_team_members'
2025-06-25 12:03:47,806 - __main__ - INFO - Checking requirements...
2025-06-25 12:03:49,722 - __main__ - INFO - Checking network access...
2025-06-25 12:03:49,983 - __main__ - INFO - Setting up data directory...
2025-06-25 12:03:50,237 - __main__ - INFO - Starting application...
2025-06-25 12:03:52,792 - __main__ - INFO - Starting Compliance Management System
2025-06-25 12:03:53,127 - business.compliance_manager - INFO - Building initial search index...
2025-06-25 12:03:53,127 - data.indexing - INFO - Rebuilding search index for: all types
2025-06-25 12:03:53,340 - data.data_manager - WARNING - Excel file Task_Log.xlsx did not return a DataFrame
2025-06-25 12:03:53,350 - data.data_manager - INFO - No tasks found or invalid data structure
2025-06-25 12:03:53,357 - data.indexing - INFO - Indexed 0 tasks
2025-06-25 12:03:53,446 - data.data_manager - WARNING - Excel file Team_Data.xlsx did not return a DataFrame
2025-06-25 12:03:53,461 - data.data_manager - INFO - No team members found or invalid data structure
2025-06-25 12:03:53,461 - data.indexing - INFO - Indexed 0 team members
2025-06-25 12:03:53,478 - data.data_manager - WARNING - Excel file not found: H:\Compliance\ComplianceSystem\Legislation_References.xlsx
2025-06-25 12:03:53,478 - data.data_manager - INFO - Loaded 0 legislation references
2025-06-25 12:03:53,498 - data.indexing - INFO - Indexed 0 legislation references
2025-06-25 12:03:53,509 - services.notification_service - INFO - Notification worker started
2025-06-25 12:03:54,759 - data.data_manager - WARNING - Excel file Team_Data.xlsx did not return a DataFrame
2025-06-25 12:03:54,760 - data.data_manager - INFO - No team members found or invalid data structure
2025-06-25 12:04:18,578 - data.data_manager - WARNING - Excel file Team_Data.xlsx did not return a DataFrame
2025-06-25 12:04:18,589 - data.data_manager - INFO - No team members found or invalid data structure
2025-06-25 12:04:18,593 - business.team_manager - ERROR - Error creating team member: TeamMember.__init__() got an unexpected keyword argument 'permissions'
2025-06-25 12:04:21,878 - data.data_manager - WARNING - Excel file Team_Data.xlsx did not return a DataFrame
2025-06-25 12:04:21,883 - data.data_manager - INFO - No team members found or invalid data structure
2025-06-25 12:04:34,745 - data.data_manager - WARNING - Excel file Team_Data.xlsx did not return a DataFrame
2025-06-25 12:04:34,755 - data.data_manager - INFO - No team members found or invalid data structure
2025-06-25 12:04:34,763 - business.team_manager - ERROR - Error creating team member: TeamMember.__init__() got an unexpected keyword argument 'permissions'
2025-06-25 12:04:36,183 - data.data_manager - WARNING - Excel file Team_Data.xlsx did not return a DataFrame
2025-06-25 12:04:36,191 - data.data_manager - INFO - No team members found or invalid data structure
2025-06-25 12:04:53,168 - data.data_manager - WARNING - Excel file Team_Data.xlsx did not return a DataFrame
2025-06-25 12:04:53,174 - data.data_manager - INFO - No team members found or invalid data structure
2025-06-25 12:04:54,736 - data.data_manager - WARNING - Excel file Team_Data.xlsx did not return a DataFrame
2025-06-25 12:04:54,746 - data.data_manager - INFO - No team members found or invalid data structure
2025-06-25 12:04:56,547 - ui.app - ERROR - Error during shutdown: 'NotificationService' object has no attribute 'stop'
2025-06-25 12:04:56,691 - __main__ - ERROR - Failed to run application: can't invoke "winfo" command: application has been destroyed
2025-06-25 12:04:56,691 - __main__ - ERROR - Startup error: can't invoke "winfo" command: application has been destroyed
2025-06-25 13:07:28,640 - __main__ - INFO - Checking requirements...
2025-06-25 13:07:30,148 - __main__ - INFO - Checking network access...
2025-06-25 13:07:30,539 - __main__ - INFO - Setting up data directory...
2025-06-25 13:07:30,768 - __main__ - INFO - Starting application...
2025-06-25 13:07:33,102 - __main__ - ERROR - Failed to run application: cannot import name 'FileLockError' from 'core.exceptions' (H:\Compliance\ComplianceSystem\core\exceptions.py)
2025-06-25 13:07:33,119 - __main__ - ERROR - Startup error: cannot import name 'FileLockError' from 'core.exceptions' (H:\Compliance\ComplianceSystem\core\exceptions.py)
2025-06-25 14:53:27,206 - __main__ - INFO - Checking requirements...
2025-06-25 14:53:30,149 - __main__ - INFO - Checking network access...
2025-06-25 14:53:30,415 - __main__ - INFO - Setting up data directory...
2025-06-25 14:53:30,565 - __main__ - ERROR - Error setting up data directory: 'AppConfig' object has no attribute 'compliance_areas'
2025-06-25 14:53:30,581 - __main__ - ERROR - Failed to set up data directory
2025-06-25 15:11:10,360 - __main__ - INFO - Checking requirements...
2025-06-25 15:11:11,598 - __main__ - INFO - Checking network access...
2025-06-25 15:11:11,804 - __main__ - INFO - Setting up data directory...
2025-06-25 15:11:12,027 - __main__ - ERROR - Error setting up data directory: 'AppConfig' object has no attribute 'compliance_areas'
2025-06-25 15:11:12,027 - __main__ - ERROR - Failed to set up data directory
2025-06-25 21:54:34,122 - __main__ - INFO - Checking requirements...
2025-06-25 21:54:36,005 - __main__ - INFO - Checking network access...
2025-06-25 21:54:53,339 - __main__ - INFO - Setting up data directory...
2025-06-25 21:54:55,890 - __main__ - ERROR - Error setting up data directory: 'AppConfig' object has no attribute 'compliance_areas'
2025-06-25 21:54:55,923 - __main__ - ERROR - Failed to set up data directory
2025-06-25 21:58:01,584 - __main__ - INFO - Checking requirements...
2025-06-25 21:58:03,179 - __main__ - INFO - Checking network access...
2025-06-25 21:58:07,827 - __main__ - INFO - Setting up data directory...
2025-06-25 21:58:13,566 - __main__ - INFO - Starting application...
2025-06-25 21:58:51,340 - __main__ - ERROR - Failed to run application: cannot import name 'ComplianceApp' from 'ui.app' (H:\Compliance\ComplianceSystem\ui\app.py)
2025-06-25 21:58:51,422 - __main__ - ERROR - Startup error: cannot import name 'ComplianceApp' from 'ui.app' (H:\Compliance\ComplianceSystem\ui\app.py)
2025-06-25 22:04:02,619 - __main__ - INFO - Checking requirements...
2025-06-25 22:04:04,049 - __main__ - INFO - Checking network access...
2025-06-25 22:04:06,282 - __main__ - INFO - Setting up data directory...
2025-06-25 22:04:09,819 - __main__ - INFO - Starting application...
2025-06-25 22:04:44,287 - __main__ - ERROR - Failed to run application: cannot import name 'ComplianceApp' from 'ui.app' (H:\Compliance\ComplianceSystem\ui\app.py)
2025-06-25 22:04:44,314 - __main__ - ERROR - Startup error: cannot import name 'ComplianceApp' from 'ui.app' (H:\Compliance\ComplianceSystem\ui\app.py)
2025-06-25 22:42:22,973 - __main__ - INFO - Checking requirements...
2025-06-25 22:42:24,633 - __main__ - INFO - Checking network access...
2025-06-25 22:42:33,720 - __main__ - INFO - Setting up data directory...
2025-06-25 22:42:37,416 - __main__ - INFO - Starting application...
2025-06-25 22:43:33,794 - __main__ - INFO - Starting Compliance Management System
2025-06-25 22:43:34,319 - __main__ - ERROR - Failed to run application: 'indices'
2025-06-25 22:43:34,347 - __main__ - ERROR - Startup error: 'indices'
2025-06-27 03:17:47,849 - __main__ - INFO - Checking requirements...
2025-06-27 03:17:48,915 - __main__ - INFO - Checking network access...
2025-06-27 03:17:49,976 - __main__ - INFO - Setting up data directory...
2025-06-27 03:17:53,190 - __main__ - INFO - Starting application...
2025-06-27 18:45:26,760 - __main__ - INFO - Checking requirements...
2025-06-27 18:45:27,533 - __main__ - INFO - Checking network access...
2025-06-27 18:45:28,588 - __main__ - INFO - Setting up data directory...
2025-06-27 18:45:29,890 - __main__ - INFO - Starting application...
2025-06-28 11:53:29,475 - __main__ - INFO - Checking requirements...
2025-06-28 11:53:30,537 - __main__ - INFO - Checking network access...
2025-06-28 11:53:31,581 - __main__ - INFO - Setting up data directory...
2025-06-28 11:53:32,670 - __main__ - INFO - Starting application...
2025-06-29 12:56:21,151 - __main__ - INFO - Checking requirements...
2025-06-29 12:56:30,754 - __main__ - INFO - Checking network access...
2025-06-29 12:56:36,914 - __main__ - INFO - Setting up data directory...
2025-06-29 12:56:41,256 - __main__ - INFO - Starting application...
2025-06-29 13:05:50,947 - __main__ - INFO - Checking requirements...
2025-06-29 13:05:52,772 - __main__ - INFO - Checking network access...
2025-06-29 13:05:54,723 - __main__ - INFO - Setting up data directory...
2025-06-29 13:05:58,525 - __main__ - INFO - Starting application...
2025-06-29 13:42:52,296 - __main__ - INFO - Checking requirements...
2025-06-29 13:42:54,118 - __main__ - INFO - Checking network access...
2025-06-29 13:43:01,373 - __main__ - INFO - Setting up data directory...
2025-06-29 13:43:18,306 - __main__ - INFO - Starting application...
2025-06-29 17:26:54,575 - __main__ - INFO - Checking requirements...
2025-06-29 17:26:55,438 - __main__ - INFO - Checking network access...
2025-06-29 17:26:56,210 - __main__ - INFO - Setting up data directory...
2025-06-29 17:26:57,520 - __main__ - INFO - Starting application...
2025-06-29 17:44:32,419 - __main__ - INFO - Checking requirements...
2025-06-29 17:44:32,967 - __main__ - INFO - Checking network access...
2025-06-29 17:44:33,868 - __main__ - INFO - Setting up data directory...
2025-06-29 17:44:34,964 - __main__ - INFO - Starting application...
2025-06-29 18:03:44,669 - __main__ - INFO - Checking requirements...
2025-06-29 18:03:45,378 - __main__ - INFO - Checking network access...
2025-06-29 18:03:45,993 - __main__ - INFO - Setting up data directory...
2025-06-29 18:03:47,092 - __main__ - INFO - Starting application...
2025-06-29 18:07:04,853 - __main__ - INFO - Checking requirements...
2025-06-29 18:07:07,382 - __main__ - INFO - Checking network access...
2025-06-29 18:07:08,630 - __main__ - INFO - Setting up data directory...
2025-06-29 18:07:11,577 - __main__ - INFO - Starting application...
2025-06-29 18:10:43,723 - __main__ - INFO - Checking requirements...
2025-06-29 18:10:44,426 - __main__ - INFO - Checking network access...
2025-06-29 18:10:45,298 - __main__ - INFO - Setting up data directory...
2025-06-29 18:10:46,795 - __main__ - INFO - Starting application...
2025-06-29 18:16:41,208 - __main__ - INFO - Checking requirements...
2025-06-29 18:16:43,432 - __main__ - INFO - Checking network access...
2025-06-29 18:16:44,469 - __main__ - INFO - Setting up data directory...
2025-06-29 18:16:46,630 - __main__ - INFO - Starting application...
2025-06-29 22:41:09,612 - __main__ - INFO - Checking requirements...
2025-06-29 22:41:10,449 - __main__ - INFO - Checking network access...
2025-06-29 22:41:10,884 - __main__ - INFO - Setting up data directory...
2025-06-29 22:41:12,086 - __main__ - INFO - Starting application...
2025-06-30 09:58:37,839 - __main__ - INFO - Checking requirements...
2025-06-30 09:58:39,504 - __main__ - INFO - Checking network access...
2025-06-30 09:58:41,207 - __main__ - INFO - Setting up data directory...
2025-06-30 09:58:42,910 - __main__ - INFO - Starting application...
2025-06-30 10:05:32,871 - __main__ - INFO - Checking requirements...
2025-06-30 10:05:33,569 - __main__ - INFO - Checking network access...
2025-06-30 10:05:34,717 - __main__ - INFO - Setting up data directory...
2025-06-30 10:05:36,573 - __main__ - INFO - Starting application...
2025-06-30 12:11:08,843 - __main__ - INFO - Checking requirements...
2025-06-30 12:11:09,897 - __main__ - INFO - Checking network access...
2025-06-30 12:11:11,615 - __main__ - INFO - Setting up data directory...
2025-06-30 12:11:14,210 - __main__ - INFO - Starting application...
2025-06-30 14:07:29,294 - __main__ - INFO - Checking requirements...
2025-06-30 14:07:32,760 - __main__ - INFO - Checking network access...
2025-06-30 14:07:38,418 - __main__ - INFO - Setting up data directory...
2025-06-30 14:07:43,244 - __main__ - INFO - Starting application...
2025-06-30 14:07:54,263 - __main__ - ERROR - Failed to run application: cannot import name 'NotificationScheduler' from 'services.notification_service' (H:\Compliance\ComplianceSystem\services\notification_service.py)
2025-06-30 14:07:54,290 - __main__ - ERROR - Startup error: cannot import name 'NotificationScheduler' from 'services.notification_service' (H:\Compliance\ComplianceSystem\services\notification_service.py)
2025-06-30 14:14:13,253 - __main__ - INFO - Checking requirements...
2025-06-30 14:14:13,957 - __main__ - INFO - Checking network access...
2025-06-30 14:14:14,617 - __main__ - INFO - Setting up data directory...
2025-06-30 14:14:20,235 - __main__ - INFO - Starting application...
2025-06-30 14:14:28,487 - __main__ - ERROR - Failed to run application: cannot import name 'NotificationScheduler' from 'services.notification_service' (H:\Compliance\ComplianceSystem\services\notification_service.py)
2025-06-30 14:14:28,567 - __main__ - ERROR - Startup error: cannot import name 'NotificationScheduler' from 'services.notification_service' (H:\Compliance\ComplianceSystem\services\notification_service.py)
2025-06-30 14:16:07,875 - __main__ - INFO - Checking requirements...
2025-06-30 14:16:08,681 - __main__ - INFO - Checking network access...
2025-06-30 14:16:09,137 - __main__ - INFO - Setting up data directory...
2025-06-30 14:16:10,472 - __main__ - INFO - Starting application...
